<?xml version="1.0" encoding="UTF-8"?>
<testsuite name="com.example.fems.controller.FeignControllerTest" tests="1" skipped="0" failures="0" errors="0" timestamp="2020-02-18T20:00:51" hostname="cde-OptiPlex-7060" time="0.025">
  <properties/>
  <testcase name="getCityByIdPath()" classname="com.example.fems.controller.FeignControllerTest" time="0.025"/>
  <system-out><![CDATA[14:00:49.681 [Test worker] DEBUG org.springframework.test.context.BootstrapUtils - Instantiating CacheAwareContextLoaderDelegate from class [org.springframework.test.context.cache.DefaultCacheAwareContextLoaderDelegate]
14:00:49.688 [Test worker] DEBUG org.springframework.test.context.BootstrapUtils - Instantiating BootstrapContext using constructor [public org.springframework.test.context.support.DefaultBootstrapContext(java.lang.Class,org.springframework.test.context.CacheAwareContextLoaderDelegate)]
14:00:49.703 [Test worker] DEBUG org.springframework.test.context.BootstrapUtils - Instantiating TestContextBootstrapper for test class [com.example.fems.controller.FeignControllerTest] from class [org.springframework.boot.test.context.SpringBootTestContextBootstrapper]
14:00:49.711 [Test worker] INFO org.springframework.boot.test.context.SpringBootTestContextBootstrapper - Neither @ContextConfiguration nor @ContextHierarchy found for test class [com.example.fems.controller.FeignControllerTest], using SpringBootContextLoader
14:00:49.713 [Test worker] DEBUG org.springframework.test.context.support.AbstractContextLoader - Did not detect default resource location for test class [com.example.fems.controller.FeignControllerTest]: class path resource [com/example/fems/controller/FeignControllerTest-context.xml] does not exist
14:00:49.713 [Test worker] DEBUG org.springframework.test.context.support.AbstractContextLoader - Did not detect default resource location for test class [com.example.fems.controller.FeignControllerTest]: class path resource [com/example/fems/controller/FeignControllerTestContext.groovy] does not exist
14:00:49.714 [Test worker] INFO org.springframework.test.context.support.AbstractContextLoader - Could not detect default resource locations for test class [com.example.fems.controller.FeignControllerTest]: no resource found for suffixes {-context.xml, Context.groovy}.
14:00:49.714 [Test worker] INFO org.springframework.test.context.support.AnnotationConfigContextLoaderUtils - Could not detect default configuration classes for test class [com.example.fems.controller.FeignControllerTest]: FeignControllerTest does not declare any static, non-private, non-final, nested classes annotated with @Configuration.
14:00:49.733 [Test worker] DEBUG org.springframework.test.context.support.ActiveProfilesUtils - Could not find an 'annotation declaring class' for annotation type [org.springframework.test.context.ActiveProfiles] and class [com.example.fems.controller.FeignControllerTest]
14:00:49.772 [Test worker] DEBUG org.springframework.context.annotation.ClassPathScanningCandidateComponentProvider - Identified candidate component class: file [/home/cde/Downloads/Spring-boot-master/fems/build/classes/java/main/com/example/fems/FemsApplication.class]
14:00:49.773 [Test worker] INFO org.springframework.boot.test.context.SpringBootTestContextBootstrapper - Found @SpringBootConfiguration com.example.fems.FemsApplication for test class com.example.fems.controller.FeignControllerTest
14:00:49.824 [Test worker] DEBUG org.springframework.boot.test.context.SpringBootTestContextBootstrapper - @TestExecutionListeners is not present for class [com.example.fems.controller.FeignControllerTest]: using defaults.
14:00:49.824 [Test worker] INFO org.springframework.boot.test.context.SpringBootTestContextBootstrapper - Loaded default TestExecutionListener class names from location [META-INF/spring.factories]: [org.springframework.boot.test.autoconfigure.restdocs.RestDocsTestExecutionListener, org.springframework.boot.test.autoconfigure.web.client.MockRestServiceServerResetTestExecutionListener, org.springframework.boot.test.autoconfigure.web.servlet.MockMvcPrintOnlyOnFailureTestExecutionListener, org.springframework.boot.test.autoconfigure.web.servlet.WebDriverTestExecutionListener, org.springframework.boot.test.mock.mockito.MockitoTestExecutionListener, org.springframework.boot.test.mock.mockito.ResetMocksTestExecutionListener, org.springframework.test.context.web.ServletTestExecutionListener, org.springframework.test.context.support.DirtiesContextBeforeModesTestExecutionListener, org.springframework.test.context.support.DependencyInjectionTestExecutionListener, org.springframework.test.context.support.DirtiesContextTestExecutionListener, org.springframework.test.context.transaction.TransactionalTestExecutionListener, org.springframework.test.context.jdbc.SqlScriptsTestExecutionListener, org.springframework.test.context.event.EventPublishingTestExecutionListener]
14:00:49.833 [Test worker] INFO org.springframework.boot.test.context.SpringBootTestContextBootstrapper - Using TestExecutionListeners: [org.springframework.test.context.web.ServletTestExecutionListener@3f0a84d7, org.springframework.test.context.support.DirtiesContextBeforeModesTestExecutionListener@1894525a, org.springframework.boot.test.mock.mockito.MockitoTestExecutionListener@3f256f18, org.springframework.boot.test.autoconfigure.SpringBootDependencyInjectionTestExecutionListener@6f94eb03, org.springframework.test.context.support.DirtiesContextTestExecutionListener@4d3e61a, org.springframework.test.context.transaction.TransactionalTestExecutionListener@3eef7258, org.springframework.test.context.jdbc.SqlScriptsTestExecutionListener@2a269732, org.springframework.test.context.event.EventPublishingTestExecutionListener@62a2ad86, org.springframework.boot.test.autoconfigure.restdocs.RestDocsTestExecutionListener@795a74fe, org.springframework.boot.test.autoconfigure.web.client.MockRestServiceServerResetTestExecutionListener@3ce2b43f, org.springframework.boot.test.autoconfigure.web.servlet.MockMvcPrintOnlyOnFailureTestExecutionListener@22633b96, org.springframework.boot.test.autoconfigure.web.servlet.WebDriverTestExecutionListener@55da7cc1, org.springframework.boot.test.mock.mockito.ResetMocksTestExecutionListener@7f8d1f00]
14:00:49.835 [Test worker] DEBUG org.springframework.test.context.support.AbstractDirtiesContextTestExecutionListener - Before test class: context [DefaultTestContext@3267bae testClass = FeignControllerTest, testInstance = [null], testMethod = [null], testException = [null], mergedContextConfiguration = [WebMergedContextConfiguration@2a5438c9 testClass = FeignControllerTest, locations = '{}', classes = '{class com.example.fems.FemsApplication}', contextInitializerClasses = '[]', activeProfiles = '{}', propertySourceLocations = '{}', propertySourceProperties = '{org.springframework.boot.test.context.SpringBootTestContextBootstrapper=true}', contextCustomizers = set[org.springframework.boot.test.autoconfigure.properties.PropertyMappingContextCustomizer@0, org.springframework.boot.test.autoconfigure.web.servlet.WebDriverContextCustomizerFactory$Customizer@64826e1a, org.springframework.boot.test.context.filter.ExcludeFilterContextCustomizer@4f1f0032, org.springframework.boot.test.json.DuplicateJsonObjectContextCustomizerFactory$DuplicateJsonObjectContextCustomizer@3d75e2f7, org.springframework.boot.test.mock.mockito.MockitoContextCustomizer@0, org.springframework.boot.test.web.client.TestRestTemplateContextCustomizer@3bc18957], resourceBasePath = 'src/main/webapp', contextLoader = 'org.springframework.boot.test.context.SpringBootContextLoader', parent = [null]], attributes = map['org.springframework.test.context.web.ServletTestExecutionListener.activateListener' -> true]], class annotated with @DirtiesContext [false] with mode [null].
14:00:49.850 [Test worker] DEBUG org.springframework.test.context.support.TestPropertySourceUtils - Adding inlined properties to environment: {spring.jmx.enabled=false, org.springframework.boot.test.context.SpringBootTestContextBootstrapper=true, server.port=-1}
2020-02-18 14:00:50.195  INFO 6831 --- [    Test worker] trationDelegate$BeanPostProcessorChecker : Bean 'org.springframework.cloud.autoconfigure.ConfigurationPropertiesRebinderAutoConfiguration' of type [org.springframework.cloud.autoconfigure.ConfigurationPropertiesRebinderAutoConfiguration$$EnhancerBySpringCGLIB$$9f5a515c] is not eligible for getting processed by all BeanPostProcessors (for example: not eligible for auto-proxying)

  .   ____          _            __ _ _
 /\\ / ___'_ __ _ _(_)_ __  __ _ \ \ \ \
( ( )\___ | '_ | '_| | '_ \/ _` | \ \ \ \
 \\/  ___)| |_)| | | | | || (_| |  ) ) ) )
  '  |____| .__|_| |_|_| |_\__, | / / / /
 =========|_|==============|___/=/_/_/_/
 :: Spring Boot ::        (v2.2.4.RELEASE)

2020-02-18 14:00:50.296  INFO 6831 --- [    Test worker] c.e.fems.controller.FeignControllerTest  : No active profile set, falling back to default profiles: default
2020-02-18 14:00:50.609  INFO 6831 --- [    Test worker] o.s.cloud.context.scope.GenericScope     : BeanFactory id=f6967ab2-b918-3252-a228-391f21ade444
2020-02-18 14:00:50.670  INFO 6831 --- [    Test worker] trationDelegate$BeanPostProcessorChecker : Bean 'com.example.fems.feign.CityClient' of type [org.springframework.cloud.openfeign.FeignClientFactoryBean] is not eligible for getting processed by all BeanPostProcessors (for example: not eligible for auto-proxying)
2020-02-18 14:00:50.726  INFO 6831 --- [    Test worker] trationDelegate$BeanPostProcessorChecker : Bean 'org.springframework.cloud.autoconfigure.ConfigurationPropertiesRebinderAutoConfiguration' of type [org.springframework.cloud.autoconfigure.ConfigurationPropertiesRebinderAutoConfiguration$$EnhancerBySpringCGLIB$$9f5a515c] is not eligible for getting processed by all BeanPostProcessors (for example: not eligible for auto-proxying)
2020-02-18 14:00:51.003  WARN 6831 --- [    Test worker] o.s.c.n.a.ArchaiusAutoConfiguration      : No spring.application.name found, defaulting to 'application'
2020-02-18 14:00:51.005  WARN 6831 --- [    Test worker] c.n.c.sources.URLConfigurationSource     : No URLs will be polled as dynamic configuration sources.
2020-02-18 14:00:51.006  INFO 6831 --- [    Test worker] c.n.c.sources.URLConfigurationSource     : To enable URLs as dynamic configuration sources, define System property archaius.configurationSource.additionalUrls or make config.properties available on classpath.
2020-02-18 14:00:51.009  WARN 6831 --- [    Test worker] c.n.c.sources.URLConfigurationSource     : No URLs will be polled as dynamic configuration sources.
2020-02-18 14:00:51.009  INFO 6831 --- [    Test worker] c.n.c.sources.URLConfigurationSource     : To enable URLs as dynamic configuration sources, define System property archaius.configurationSource.additionalUrls or make config.properties available on classpath.
2020-02-18 14:00:51.127  INFO 6831 --- [    Test worker] o.s.s.concurrent.ThreadPoolTaskExecutor  : Initializing ExecutorService 'applicationTaskExecutor'
2020-02-18 14:00:51.394  INFO 6831 --- [    Test worker] c.e.fems.controller.FeignControllerTest  : Started FeignControllerTest in 1.538 seconds (JVM running for 2.209)
]]></system-out>
  <system-err><![CDATA[]]></system-err>
</testsuite>
